Thu Apr 10 13:34:31 UTC 2025
Fri Apr 11 12:47:26 UTC 2025
Sat Apr 12 12:41:18 UTC 2025
Sun Apr 13 12:41:48 UTC 2025
Mon Apr 14 12:48:49 UTC 2025
Tue Apr 15 12:48:27 UTC 2025
Wed Apr 16 12:48:51 UTC 2025
Thu Apr 17 12:48:15 UTC 2025
Fri Apr 18 12:45:56 UTC 2025
Sat Apr 19 12:41:33 UTC 2025
Sun Apr 20 12:41:41 UTC 2025
Mon Apr 21 12:47:18 UTC 2025
Tue Apr 22 12:48:33 UTC 2025
Wed Apr 23 12:49:17 UTC 2025
Thu Apr 24 12:50:10 UTC 2025
Fri Apr 25 12:48:45 UTC 2025
Sat Apr 26 12:42:03 UTC 2025
Sun Apr 27 12:42:30 UTC 2025
Mon Apr 28 12:58:45 UTC 2025
Tue Apr 29 12:52:13 UTC 2025
Wed Apr 30 12:48:16 UTC 2025
Thu May  1 12:47:18 UTC 2025
Fri May  2 12:47:55 UTC 2025
Sat May  3 12:43:37 UTC 2025
Sun May  4 12:44:23 UTC 2025
Mon May  5 12:50:02 UTC 2025
Tue May  6 12:51:18 UTC 2025
Wed May  7 12:51:54 UTC 2025
Thu May  8 12:50:10 UTC 2025
Fri May  9 12:48:36 UTC 2025
Sat May 10 12:43:20 UTC 2025
Sun May 11 12:43:51 UTC 2025
Mon May 12 12:51:35 UTC 2025
Tue May 13 12:52:04 UTC 2025
Wed May 14 12:50:29 UTC 2025
Thu May 15 12:50:30 UTC 2025
Fri May 16 12:50:14 UTC 2025
Sat May 17 12:44:10 UTC 2025
Sun May 18 12:45:03 UTC 2025
Mon May 19 12:52:08 UTC 2025
Tue May 20 12:52:01 UTC 2025
Wed May 21 12:51:29 UTC 2025
Thu May 22 12:51:30 UTC 2025
Fri May 23 12:49:32 UTC 2025
Sat May 24 12:44:32 UTC 2025
Sun May 25 12:45:16 UTC 2025
Mon May 26 12:49:14 UTC 2025
Tue May 27 12:51:58 UTC 2025
